[1002/023333.136:INFO:CONSOLE(1)] "Uncaught ReferenceError: start is not defined", source: file:///C:/Program%20Files/Google/Chrome/Application/106.0.5249.61/ (1)
[1002/023333.136:INFO:CONSOLE(2)] "Uncaught ReferenceError: onHasParentDirectory is not defined", source: file:///C:/Program%20Files/Google/Chrome/Application/106.0.5249.61/ (2)
[1002/023333.136:INFO:CONSOLE(3)] "Uncaught ReferenceError: addRow is not defined", source: file:///C:/Program%20Files/Google/Chrome/Application/106.0.5249.61/ (3)
[1002/023333.136:INFO:CONSOLE(4)] "Uncaught ReferenceError: addRow is not defined", source: file:///C:/Program%20Files/Google/Chrome/Application/106.0.5249.61/ (4)
[1002/023333.136:INFO:CONSOLE(5)] "Uncaught ReferenceError: addRow is not defined", source: file:///C:/Program%20Files/Google/Chrome/Application/106.0.5249.61/ (5)
[1002/023333.136:INFO:CONSOLE(6)] "Uncaught ReferenceError: addRow is not defined", source: file:///C:/Program%20Files/Google/Chrome/Application/106.0.5249.61/ (6)
[1002/023333.136:INFO:CONSOLE(7)] "Uncaught ReferenceError: addRow is not defined", source: file:///C:/Program%20Files/Google/Chrome/Application/106.0.5249.61/ (7)
[1002/023333.136:INFO:CONSOLE(8)] "Uncaught ReferenceError: addRow is not defined", source: file:///C:/Program%20Files/Google/Chrome/Application/106.0.5249.61/ (8)
[1002/023333.136:INFO:CONSOLE(9)] "Uncaught ReferenceError: addRow is not defined", source: file:///C:/Program%20Files/Google/Chrome/Application/106.0.5249.61/ (9)
[1002/023333.137:INFO:CONSOLE(10)] "Uncaught ReferenceError: addRow is not defined", source: file:///C:/Program%20Files/Google/Chrome/Application/106.0.5249.61/ (10)
[1002/023333.137:INFO:CONSOLE(11)] "Uncaught ReferenceError: addRow is not defined", source: file:///C:/Program%20Files/Google/Chrome/Application/106.0.5249.61/ (11)
[1002/023333.137:INFO:CONSOLE(12)] "Uncaught ReferenceError: addRow is not defined", source: file:///C:/Program%20Files/Google/Chrome/Application/106.0.5249.61/ (12)
[1002/023333.137:INFO:CONSOLE(13)] "Uncaught ReferenceError: addRow is not defined", source: file:///C:/Program%20Files/Google/Chrome/Application/106.0.5249.61/ (13)
[1002/023333.137:INFO:CONSOLE(14)] "Uncaught ReferenceError: addRow is not defined", source: file:///C:/Program%20Files/Google/Chrome/Application/106.0.5249.61/ (14)
[1002/023333.137:INFO:CONSOLE(15)] "Uncaught ReferenceError: addRow is not defined", source: file:///C:/Program%20Files/Google/Chrome/Application/106.0.5249.61/ (15)
[1002/023333.137:INFO:CONSOLE(16)] "Uncaught ReferenceError: addRow is not defined", source: file:///C:/Program%20Files/Google/Chrome/Application/106.0.5249.61/ (16)
[1002/023333.137:INFO:CONSOLE(17)] "Uncaught ReferenceError: addRow is not defined", source: file:///C:/Program%20Files/Google/Chrome/Application/106.0.5249.61/ (17)
[1002/023333.137:INFO:CONSOLE(18)] "Uncaught ReferenceError: addRow is not defined", source: file:///C:/Program%20Files/Google/Chrome/Application/106.0.5249.61/ (18)
[1002/023333.137:INFO:CONSOLE(19)] "Uncaught ReferenceError: addRow is not defined", source: file:///C:/Program%20Files/Google/Chrome/Application/106.0.5249.61/ (19)
[1002/023333.137:INFO:CONSOLE(20)] "Uncaught ReferenceError: addRow is not defined", source: file:///C:/Program%20Files/Google/Chrome/Application/106.0.5249.61/ (20)
[1002/023333.137:INFO:CONSOLE(21)] "Uncaught ReferenceError: addRow is not defined", source: file:///C:/Program%20Files/Google/Chrome/Application/106.0.5249.61/ (21)
[1002/023333.137:INFO:CONSOLE(22)] "Uncaught ReferenceError: addRow is not defined", source: file:///C:/Program%20Files/Google/Chrome/Application/106.0.5249.61/ (22)
[1002/023333.137:INFO:CONSOLE(23)] "Uncaught ReferenceError: addRow is not defined", source: file:///C:/Program%20Files/Google/Chrome/Application/106.0.5249.61/ (23)
[1002/023333.137:INFO:CONSOLE(24)] "Uncaught ReferenceError: addRow is not defined", source: file:///C:/Program%20Files/Google/Chrome/Application/106.0.5249.61/ (24)
[1002/023333.137:INFO:CONSOLE(25)] "Uncaught ReferenceError: addRow is not defined", source: file:///C:/Program%20Files/Google/Chrome/Application/106.0.5249.61/ (25)
[1002/023333.137:INFO:CONSOLE(26)] "Uncaught ReferenceError: addRow is not defined", source: file:///C:/Program%20Files/Google/Chrome/Application/106.0.5249.61/ (26)
[1002/023333.137:INFO:CONSOLE(27)] "Uncaught ReferenceError: addRow is not defined", source: file:///C:/Program%20Files/Google/Chrome/Application/106.0.5249.61/ (27)
[1002/023333.137:INFO:CONSOLE(28)] "Uncaught ReferenceError: addRow is not defined", source: file:///C:/Program%20Files/Google/Chrome/Application/106.0.5249.61/ (28)
[1002/023333.137:INFO:CONSOLE(29)] "Uncaught ReferenceError: addRow is not defined", source: file:///C:/Program%20Files/Google/Chrome/Application/106.0.5249.61/ (29)
[1002/023333.137:INFO:CONSOLE(30)] "Uncaught ReferenceError: addRow is not defined", source: file:///C:/Program%20Files/Google/Chrome/Application/106.0.5249.61/ (30)
[1002/023333.137:INFO:CONSOLE(31)] "Uncaught ReferenceError: addRow is not defined", source: file:///C:/Program%20Files/Google/Chrome/Application/106.0.5249.61/ (31)
[1002/023333.137:INFO:CONSOLE(32)] "Uncaught ReferenceError: addRow is not defined", source: file:///C:/Program%20Files/Google/Chrome/Application/106.0.5249.61/ (32)
[1002/023333.138:INFO:CONSOLE(33)] "Uncaught ReferenceError: addRow is not defined", source: file:///C:/Program%20Files/Google/Chrome/Application/106.0.5249.61/ (33)
[1002/023334.266:WARNING:backend_impl.cc(1816)] Destroying invalid entry.
[1002/023334.270:WARNING:backend_impl.cc(1816)] Destroying invalid entry.
[1002/023334.280:WARNING:backend_impl.cc(1816)] Destroying invalid entry.
[1002/023423.660:INFO:CONSOLE(22)] "Warning: TT: undefined function: 32", source: https://web.whatsapp.com/pdf.worker.96d1bc1f3d0105cd5a81bae7a9dad228.js (22)
